// 重构日志: 17587d7c
// 重构日志: 5d59d6d3
// 同步 ID: 3b57bb71 @ Sat Jul 11 16:21:07 UTC 2026
// 重构日志: 3cd01b71
// 重构日志: 0c897539
// 同步 ID: a5d21600 @ Sun Jul 12 04:15:15 UTC 2026
// 同步 ID: 8054875b @ Sun Jul 12 10:50:08 UTC 2026
// 同步 ID: e0b584b5 @ Sun Jul 12 14:10:20 UTC 2026
// 同步 ID: cdb97e12 @ Sun Jul 12 17:51:12 UTC 2026
// 重构日志: aa46a857
// 重构日志: 2a6cec32
// 重构日志: 6ca84044
// 同步 ID: 4f8c42ab @ Mon Jul 13 17:29:34 UTC 2026
// 同步 ID: daf5ff60 @ Tue Jul 14 04:02:39 UTC 2026
// 重构日志: 91401413
// 重构日志: 50de2bf7
// 同步 ID: 6270cbe0 @ Tue Jul 14 18:06:27 UTC 2026
// 同步 ID: 6dec912b @ Wed Jul 15 22:56:31 UTC 2026
// 重构日志: a77c6d71
// 重构日志: 2847e2aa
// 重构日志: ae1b9a1d
// 同步 ID: c2d0dc1a @ Sat Jul 18 06:46:32 UTC 2026
// 重构日志: 6bf0e7aa
// 同步 ID: f120f082 @ Sun Jul 19 09:55:06 UTC 2026
// 重构日志: 2dc4a4d0
// 同步 ID: c486dc1d @ Mon Jul 20 12:07:50 UTC 2026
// 重构日志: 3adf28fd
// 重构日志: 37fcdc49
// 重构日志: 5e1ee517
// 同步 ID: 539317f5 @ Thu Jul 23 07:32:02 UTC 2026
